{"level":"info","message":"Ensuring database: seci_prod_db","timestamp":"2026-02-10T10:44:14.681Z"}
{"level":"info","message":"✅ Database 'seci_prod_db' ensured.","timestamp":"2026-02-10T10:44:14.711Z"}
{"level":"info","message":"⏳ Attempt 1/100 - Waiting for MySQL: Access denied for user ''@'localhost' (using password: NO)","timestamp":"2026-02-10T10:44:14.735Z"}
{"level":"info","message":"⏳ Attempt 2/100 - Waiting for MySQL: Access denied for user ''@'localhost' (using password: NO)","timestamp":"2026-02-10T10:44:17.748Z"}
{"level":"info","message":"⏳ Attempt 3/100 - Waiting for MySQL: Access denied for user ''@'localhost' (using password: NO)","timestamp":"2026-02-10T10:44:20.768Z"}
{"level":"info","message":"⏳ Attempt 4/100 - Waiting for MySQL: Access denied for user ''@'localhost' (using password: NO)","timestamp":"2026-02-10T10:44:23.786Z"}
{"level":"info","message":"⏳ Attempt 5/100 - Waiting for MySQL: Access denied for user ''@'localhost' (using password: NO)","timestamp":"2026-02-10T10:44:26.796Z"}
{"level":"info","message":"Ensuring database: seci_prod_db","timestamp":"2026-02-10T10:46:42.878Z"}
{"level":"info","message":"✅ Database 'seci_prod_db' ensured.","timestamp":"2026-02-10T10:46:42.889Z"}
{"level":"info","message":"⏳ Attempt 1/100 - Waiting for MySQL: Access denied for user ''@'localhost' (using password: NO)","timestamp":"2026-02-10T10:46:42.917Z"}
{"level":"info","message":"⏳ Attempt 2/100 - Waiting for MySQL: Access denied for user ''@'localhost' (using password: NO)","timestamp":"2026-02-10T10:46:45.937Z"}
{"level":"info","message":"Ensuring database: seci_prod_db","timestamp":"2026-02-10T10:48:45.124Z"}
{"level":"info","message":"✅ Database 'seci_prod_db' ensured.","timestamp":"2026-02-10T10:48:45.131Z"}
{"level":"info","message":"⏳ Attempt 1/100 - Waiting for MySQL: Access denied for user ''@'localhost' (using password: NO)","timestamp":"2026-02-10T10:48:45.154Z"}
{"level":"info","message":"⏳ Attempt 2/100 - Waiting for MySQL: Access denied for user ''@'localhost' (using password: NO)","timestamp":"2026-02-10T10:48:48.169Z"}
{"level":"info","message":"⏳ Attempt 3/100 - Waiting for MySQL: Access denied for user ''@'localhost' (using password: NO)","timestamp":"2026-02-10T10:48:51.183Z"}
{"level":"info","message":"⏳ Attempt 4/100 - Waiting for MySQL: Access denied for user ''@'localhost' (using password: NO)","timestamp":"2026-02-10T10:48:54.193Z"}
{"level":"info","message":"⏳ Attempt 5/100 - Waiting for MySQL: Access denied for user ''@'localhost' (using password: NO)","timestamp":"2026-02-10T10:48:57.211Z"}
{"level":"info","message":"⏳ Attempt 6/100 - Waiting for MySQL: Access denied for user ''@'localhost' (using password: NO)","timestamp":"2026-02-10T10:49:00.218Z"}
{"level":"info","message":"⏳ Attempt 7/100 - Waiting for MySQL: Access denied for user ''@'localhost' (using password: NO)","timestamp":"2026-02-10T10:49:03.228Z"}
{"level":"info","message":"⏳ Attempt 8/100 - Waiting for MySQL: Access denied for user ''@'localhost' (using password: NO)","timestamp":"2026-02-10T10:49:06.239Z"}
{"level":"info","message":"⏳ Attempt 9/100 - Waiting for MySQL: Access denied for user ''@'localhost' (using password: NO)","timestamp":"2026-02-10T10:49:09.246Z"}
{"level":"info","message":"⏳ Attempt 10/100 - Waiting for MySQL: Access denied for user ''@'localhost' (using password: NO)","timestamp":"2026-02-10T10:49:12.262Z"}
{"level":"info","message":"⏳ Attempt 11/100 - Waiting for MySQL: Access denied for user ''@'localhost' (using password: NO)","timestamp":"2026-02-10T10:49:15.274Z"}
{"level":"info","message":"⏳ Attempt 12/100 - Waiting for MySQL: Access denied for user ''@'localhost' (using password: NO)","timestamp":"2026-02-10T10:49:18.287Z"}
{"level":"info","message":"⏳ Attempt 13/100 - Waiting for MySQL: Access denied for user ''@'localhost' (using password: NO)","timestamp":"2026-02-10T10:49:21.304Z"}
{"level":"info","message":"⏳ Attempt 14/100 - Waiting for MySQL: Access denied for user ''@'localhost' (using password: NO)","timestamp":"2026-02-10T10:49:24.311Z"}
{"level":"info","message":"⏳ Attempt 15/100 - Waiting for MySQL: Access denied for user ''@'localhost' (using password: NO)","timestamp":"2026-02-10T10:49:27.337Z"}
{"level":"info","message":"⏳ Attempt 16/100 - Waiting for MySQL: Access denied for user ''@'localhost' (using password: NO)","timestamp":"2026-02-10T10:49:30.342Z"}
{"level":"info","message":"⏳ Attempt 17/100 - Waiting for MySQL: Access denied for user ''@'localhost' (using password: NO)","timestamp":"2026-02-10T10:49:33.361Z"}
{"level":"info","message":"⏳ Attempt 18/100 - Waiting for MySQL: Access denied for user ''@'localhost' (using password: NO)","timestamp":"2026-02-10T10:49:36.378Z"}
{"level":"info","message":"⏳ Attempt 19/100 - Waiting for MySQL: Access denied for user ''@'localhost' (using password: NO)","timestamp":"2026-02-10T10:49:39.390Z"}
{"level":"info","message":"⏳ Attempt 20/100 - Waiting for MySQL: Access denied for user ''@'localhost' (using password: NO)","timestamp":"2026-02-10T10:49:42.393Z"}
{"level":"info","message":"⏳ Attempt 21/100 - Waiting for MySQL: Access denied for user ''@'localhost' (using password: NO)","timestamp":"2026-02-10T10:49:45.402Z"}
{"level":"info","message":"⏳ Attempt 22/100 - Waiting for MySQL: Access denied for user ''@'localhost' (using password: NO)","timestamp":"2026-02-10T10:49:48.419Z"}
{"level":"info","message":"⏳ Attempt 23/100 - Waiting for MySQL: Access denied for user ''@'localhost' (using password: NO)","timestamp":"2026-02-10T10:49:51.424Z"}
{"level":"info","message":"⏳ Attempt 24/100 - Waiting for MySQL: Access denied for user ''@'localhost' (using password: NO)","timestamp":"2026-02-10T10:49:54.435Z"}
{"level":"info","message":"⏳ Attempt 25/100 - Waiting for MySQL: Access denied for user ''@'localhost' (using password: NO)","timestamp":"2026-02-10T10:49:57.442Z"}
{"level":"info","message":"⏳ Attempt 26/100 - Waiting for MySQL: Access denied for user ''@'localhost' (using password: NO)","timestamp":"2026-02-10T10:50:00.468Z"}
{"level":"info","message":"⏳ Attempt 27/100 - Waiting for MySQL: Access denied for user ''@'localhost' (using password: NO)","timestamp":"2026-02-10T10:50:03.486Z"}
{"level":"info","message":"⏳ Attempt 28/100 - Waiting for MySQL: Access denied for user ''@'localhost' (using password: NO)","timestamp":"2026-02-10T10:50:06.495Z"}
{"level":"info","message":"⏳ Attempt 29/100 - Waiting for MySQL: Access denied for user ''@'localhost' (using password: NO)","timestamp":"2026-02-10T10:50:09.511Z"}
{"level":"info","message":"⏳ Attempt 30/100 - Waiting for MySQL: Access denied for user ''@'localhost' (using password: NO)","timestamp":"2026-02-10T10:50:12.527Z"}
{"level":"info","message":"⏳ Attempt 31/100 - Waiting for MySQL: Access denied for user ''@'localhost' (using password: NO)","timestamp":"2026-02-10T10:50:15.538Z"}
{"level":"info","message":"⏳ Attempt 32/100 - Waiting for MySQL: Access denied for user ''@'localhost' (using password: NO)","timestamp":"2026-02-10T10:50:18.550Z"}
{"level":"info","message":"⏳ Attempt 33/100 - Waiting for MySQL: Access denied for user ''@'localhost' (using password: NO)","timestamp":"2026-02-10T10:50:21.567Z"}
{"level":"info","message":"Ensuring database: seci_prod_db","timestamp":"2026-02-10T10:52:37.475Z"}
{"level":"info","message":"✅ Database 'seci_prod_db' ensured.","timestamp":"2026-02-10T10:52:37.487Z"}
{"level":"info","message":"⏳ Attempt 1/100 - Waiting for MySQL: Access denied for user ''@'localhost' (using password: NO)","timestamp":"2026-02-10T10:52:37.507Z"}
{"level":"info","message":"Ensuring database: seci_prod_db","timestamp":"2026-02-10T10:55:28.932Z"}
{"level":"info","message":"✅ Database 'seci_prod_db' ensured.","timestamp":"2026-02-10T10:55:28.944Z"}
{"level":"info","message":"MySQL is ready","timestamp":"2026-02-10T10:55:29.012Z"}
{"level":"info","message":"✅ Waiting for MySQL completed in 0.1s","timestamp":"2026-02-10T10:55:29.013Z"}
{"level":"info","message":"✅ Creating tables completed in 0.2s","timestamp":"2026-02-10T10:55:29.241Z"}
{"level":"info","message":"ENVIRONMENT - PRODUCTION","timestamp":"2026-02-10T10:55:30.532Z"}
{"level":"info","message":"🚀 Express server running at http://localhost:undefined","timestamp":"2026-02-10T10:55:30.533Z"}
{"level":"info","message":"✅ Starting Express completed in 1.3s","timestamp":"2026-02-10T10:55:30.533Z"}
{"level":"info","message":"Ensuring database: seci_prod_db","timestamp":"2026-02-10T10:57:18.786Z"}
{"level":"info","message":"✅ Database 'seci_prod_db' ensured.","timestamp":"2026-02-10T10:57:18.799Z"}
{"level":"info","message":"MySQL is ready","timestamp":"2026-02-10T10:57:18.846Z"}
{"level":"info","message":"✅ Waiting for MySQL completed in 0.0s","timestamp":"2026-02-10T10:57:18.847Z"}
{"level":"info","message":"✅ Creating tables completed in 0.2s","timestamp":"2026-02-10T10:57:19.012Z"}
{"level":"info","message":"ENVIRONMENT - PRODUCTION","timestamp":"2026-02-10T10:57:19.696Z"}
{"level":"info","message":"🚀 Express server running at http://localhost:undefined","timestamp":"2026-02-10T10:57:19.697Z"}
{"level":"info","message":"✅ Starting Express completed in 0.7s","timestamp":"2026-02-10T10:57:19.697Z"}
{"level":"info","message":"Ensuring database: seci_prod_db","timestamp":"2026-02-10T10:57:20.884Z"}
{"level":"info","message":"✅ Database 'seci_prod_db' ensured.","timestamp":"2026-02-10T10:57:20.895Z"}
{"level":"info","message":"MySQL is ready","timestamp":"2026-02-10T10:57:20.918Z"}
{"level":"info","message":"✅ Waiting for MySQL completed in 0.0s","timestamp":"2026-02-10T10:57:20.918Z"}
{"level":"info","message":"✅ Creating tables completed in 0.1s","timestamp":"2026-02-10T10:57:21.000Z"}
{"level":"info","message":"ENVIRONMENT - PRODUCTION","timestamp":"2026-02-10T10:57:21.649Z"}
{"level":"info","message":"🚀 Express server running at http://localhost:undefined","timestamp":"2026-02-10T10:57:21.650Z"}
{"level":"info","message":"✅ Starting Express completed in 0.6s","timestamp":"2026-02-10T10:57:21.650Z"}
{"level":"info","message":"Ensuring database: seci_prod_db","timestamp":"2026-02-10T10:58:45.838Z"}
{"level":"info","message":"✅ Database 'seci_prod_db' ensured.","timestamp":"2026-02-10T10:58:45.847Z"}
{"level":"info","message":"MySQL is ready","timestamp":"2026-02-10T10:58:45.870Z"}
{"level":"info","message":"✅ Waiting for MySQL completed in 0.0s","timestamp":"2026-02-10T10:58:45.870Z"}
{"level":"info","message":"✅ Creating tables completed in 0.1s","timestamp":"2026-02-10T10:58:45.963Z"}
{"level":"info","message":"ENVIRONMENT - PRODUCTION","timestamp":"2026-02-10T10:58:46.733Z"}
{"level":"info","message":"🚀 Express server running at http://localhost:undefined","timestamp":"2026-02-10T10:58:46.733Z"}
{"level":"info","message":"✅ Starting Express completed in 0.7s","timestamp":"2026-02-10T10:58:46.734Z"}
{"level":"info","message":"Ensuring database: undefined","timestamp":"2026-02-10T11:00:01.442Z"}
{"level":"info","message":"✅ Database 'undefined' ensured.","timestamp":"2026-02-10T11:00:01.533Z"}
{"level":"info","message":"MySQL is ready","timestamp":"2026-02-10T11:00:01.578Z"}
{"level":"info","message":"✅ Waiting for MySQL completed in 0.0s","timestamp":"2026-02-10T11:00:01.579Z"}
{"level":"info","message":"✅ Creating tables completed in 5.8s","timestamp":"2026-02-10T11:00:07.334Z"}
{"level":"info","message":"ENVIRONMENT - undefined","timestamp":"2026-02-10T11:00:08.018Z"}
{"level":"info","message":"🚀 Express server running at http://localhost:undefined","timestamp":"2026-02-10T11:00:08.018Z"}
{"level":"info","message":"✅ Starting Express completed in 0.7s","timestamp":"2026-02-10T11:00:08.019Z"}
{"level":"info","message":"Ensuring database: undefined","timestamp":"2026-02-10T11:00:27.329Z"}
{"level":"info","message":"✅ Database 'undefined' ensured.","timestamp":"2026-02-10T11:00:27.344Z"}
{"level":"info","message":"MySQL is ready","timestamp":"2026-02-10T11:00:27.386Z"}
{"level":"info","message":"✅ Waiting for MySQL completed in 0.0s","timestamp":"2026-02-10T11:00:27.387Z"}
{"level":"info","message":"✅ Creating tables completed in 4.3s","timestamp":"2026-02-10T11:00:31.671Z"}
{"level":"info","message":"ENVIRONMENT - undefined","timestamp":"2026-02-10T11:00:32.825Z"}
{"level":"info","message":"🚀 Express server running at http://localhost:undefined","timestamp":"2026-02-10T11:00:32.828Z"}
{"level":"info","message":"✅ Starting Express completed in 1.1s","timestamp":"2026-02-10T11:00:32.829Z"}
{"level":"info","message":"Gracefully shutting down...","timestamp":"2026-02-10T11:00:33.888Z"}
{"level":"info","message":"Ensuring database: undefined","timestamp":"2026-02-10T11:00:38.627Z"}
{"level":"info","message":"✅ Database 'undefined' ensured.","timestamp":"2026-02-10T11:00:38.638Z"}
{"level":"info","message":"MySQL is ready","timestamp":"2026-02-10T11:00:38.667Z"}
{"level":"info","message":"✅ Waiting for MySQL completed in 0.0s","timestamp":"2026-02-10T11:00:38.668Z"}
{"level":"info","message":"✅ Creating tables completed in 3.8s","timestamp":"2026-02-10T11:00:42.468Z"}
{"level":"info","message":"ENVIRONMENT - undefined","timestamp":"2026-02-10T11:00:43.090Z"}
{"level":"info","message":"🚀 Express server running at http://localhost:undefined","timestamp":"2026-02-10T11:00:43.090Z"}
{"level":"info","message":"✅ Starting Express completed in 0.6s","timestamp":"2026-02-10T11:00:43.091Z"}
{"level":"info","message":"Ensuring database: undefined","timestamp":"2026-02-10T11:03:19.372Z"}
{"level":"info","message":"✅ Database 'undefined' ensured.","timestamp":"2026-02-10T11:03:19.391Z"}
{"level":"info","message":"MySQL is ready","timestamp":"2026-02-10T11:03:19.423Z"}
{"level":"info","message":"✅ Waiting for MySQL completed in 0.0s","timestamp":"2026-02-10T11:03:19.424Z"}
{"level":"info","message":"✅ Creating tables completed in 0.2s","timestamp":"2026-02-10T11:03:19.602Z"}
{"level":"info","message":"ENVIRONMENT - PRODUCTION","timestamp":"2026-02-10T11:03:20.386Z"}
{"level":"info","message":"🚀 Express server running at http://localhost:3000","timestamp":"2026-02-10T11:03:20.386Z"}
{"level":"info","message":"✅ Starting Express completed in 0.8s","timestamp":"2026-02-10T11:03:20.387Z"}
{"level":"info","message":"Ensuring database: seci_prod_db","timestamp":"2026-02-10T11:03:43.704Z"}
{"level":"info","message":"✅ Database 'seci_prod_db' ensured.","timestamp":"2026-02-10T11:03:43.714Z"}
{"level":"info","message":"MySQL is ready","timestamp":"2026-02-10T11:03:43.740Z"}
{"level":"info","message":"✅ Waiting for MySQL completed in 0.0s","timestamp":"2026-02-10T11:03:43.741Z"}
{"level":"info","message":"✅ Creating tables completed in 0.1s","timestamp":"2026-02-10T11:03:43.858Z"}
{"level":"info","message":"ENVIRONMENT - PRODUCTION","timestamp":"2026-02-10T11:03:44.621Z"}
{"level":"info","message":"🚀 Express server running at http://localhost:3000","timestamp":"2026-02-10T11:03:44.621Z"}
{"level":"info","message":"✅ Starting Express completed in 0.7s","timestamp":"2026-02-10T11:03:44.622Z"}
{"level":"info","message":"Gracefully shutting down...","timestamp":"2026-02-10T11:04:13.465Z"}
